<?xml version="1.0" encoding="UTF-8"?>
<!-- Generated by org.testng.reporters.JUnitReportReporter -->
<testsuite skipped="0" hostname="ADMIN-PC" name="testSuite.Logout_Runner" tests="1" failures="0" timestamp="2021-10-03T20:46:15 PDT" time="9.827" errors="0">
  <testcase name="runScenario" time="9.827" classname="testSuite.Logout_Runner"/>
  <system-out/>
</testsuite> <!-- testSuite.Logout_Runner -->
