<?xml version="1.0" encoding="UTF-8"?>
<!-- Generated by org.testng.reporters.JUnitReportReporter -->
<testsuite skipped="0" hostname="ADMIN-PC" name="testSuite.Login_Runner" tests="1" failures="0" timestamp="2021-10-03T20:46:15 PDT" time="49.758" errors="0">
  <testcase name="runScenario" time="49.758" classname="testSuite.Login_Runner"/>
  <system-out/>
</testsuite> <!-- testSuite.Login_Runner -->
