<?xml version="1.0" encoding="UTF-8"?>
<!-- Generated by org.testng.reporters.JUnitReportReporter -->
<testsuite skipped="0" hostname="ADMIN-PC" name="testSuite.Contacts_Runner" tests="1" failures="0" timestamp="2021-07-20T10:28:26 IST" time="9.172" errors="0">
  <testcase name="runScenario" time="9.172" classname="testSuite.Contacts_Runner"/>
  <system-out/>
</testsuite> <!-- testSuite.Contacts_Runner -->
