<?xml version="1.0" encoding="UTF-8"?>
<!-- Generated by org.testng.reporters.JUnitReportReporter -->
<testsuite skipped="0" hostname="ADMIN-PC" name="testSuite.Login_Runner" tests="1" failures="0" timestamp="2021-10-11T13:32:16 IST" time="41.979" errors="0">
  <testcase name="runScenario" time="41.979" classname="testSuite.Login_Runner"/>
  <system-out/>
</testsuite> <!-- testSuite.Login_Runner -->
