<?xml version="1.0" encoding="UTF-8"?>
<!-- Generated by org.testng.reporters.JUnitReportReporter -->
<testsuite skipped="0" hostname="ADMIN-PC" name="pages.Runner" tests="6" failures="0" timestamp="2021-07-10T12:23:11 IST" time="201.063" errors="0">
  <testcase name="runScenario" time="11.198" classname="pages.Runner"/>
  <system-out/>
  <testcase name="runScenario" time="21.803" classname="pages.Runner"/>
  <system-out/>
  <testcase name="runScenario" time="82.757" classname="pages.Runner"/>
  <system-out/>
  <testcase name="runScenario" time="14.299" classname="pages.Runner"/>
  <system-out/>
  <testcase name="runScenario" time="50.789" classname="pages.Runner"/>
  <system-out/>
  <testcase name="runScenario" time="20.217" classname="pages.Runner"/>
  <system-out/>
</testsuite> <!-- pages.Runner -->
