<?xml version="1.0" encoding="UTF-8"?>
<!-- Generated by org.testng.reporters.JUnitReportReporter -->
<testsuite skipped="0" hostname="ADMIN-PC" name="testSuite.Lead_Runner" tests="5" failures="0" timestamp="2021-10-11T13:32:16 IST" time="334.593" errors="0">
  <testcase name="runScenario" time="88.833" classname="testSuite.Lead_Runner"/>
  <system-out/>
  <testcase name="runScenario" time="15.274" classname="testSuite.Lead_Runner"/>
  <system-out/>
  <testcase name="runScenario" time="177.572" classname="testSuite.Lead_Runner"/>
  <system-out/>
  <testcase name="runScenario" time="45.252" classname="testSuite.Lead_Runner"/>
  <system-out/>
  <testcase name="runScenario" time="7.662" classname="testSuite.Lead_Runner"/>
  <system-out/>
</testsuite> <!-- testSuite.Lead_Runner -->
